android/testunity/unityLibrary/build/intermediates/manifest_merge_blame_file/debug/manifest-merger-blame-debug-report.txt
1<?xml version="1.0" encoding="utf-8"?>
2<!-- GENERATED BY UNITY. REMOVE THIS COMMENT TO PREVENT OVERWRITING WHEN EXPORTING AGAIN -->
3<manifest xmlns:android="http://schemas.android.com/apk/res/android"
4    xmlns:tools="http://schemas.android.com/tools"
5    package="com.unity3d.player"
6    android:versionCode="1"
7    android:versionName="0.1" >
8
9    <uses-sdk
10        android:minSdkVersion="19"
10-->src\main\AndroidManifest.xml
11        android:targetSdkVersion="28" />
11-->src\main\AndroidManifest.xml
12
13    <uses-feature android:glEsVersion="0x00030000" />
13-->src\main\AndroidManifest.xml:14:3-52
13-->src\main\AndroidManifest.xml:14:17-49
14    <uses-feature
14-->src\main\AndroidManifest.xml:15:3-91
15        android:name="android.hardware.vulkan.version"
15-->src\main\AndroidManifest.xml:15:17-63
16        android:required="false" />
16-->src\main\AndroidManifest.xml:15:64-88
17    <uses-feature
17-->src\main\AndroidManifest.xml:16:3-88
18        android:name="android.hardware.touchscreen"
18-->src\main\AndroidManifest.xml:16:17-60
19        android:required="false" />
19-->src\main\AndroidManifest.xml:16:61-85
20    <uses-feature
20-->src\main\AndroidManifest.xml:17:3-99
21        android:name="android.hardware.touchscreen.multitouch"
21-->src\main\AndroidManifest.xml:17:17-71
22        android:required="false" />
22-->src\main\AndroidManifest.xml:17:72-96
23    <uses-feature
23-->src\main\AndroidManifest.xml:18:3-108
24        android:name="android.hardware.touchscreen.multitouch.distinct"
24-->src\main\AndroidManifest.xml:18:17-80
25        android:required="false" />
25-->src\main\AndroidManifest.xml:18:81-105
26
27    <application>
27-->src\main\AndroidManifest.xml:4:3-13:17
28        <activity
28-->src\main\AndroidManifest.xml:5:5-8:16
29            android:name="com.unity3d.player.UnityPlayerActivity"
29-->src\main\AndroidManifest.xml:5:15-68
30            android:configChanges="mcc|mnc|locale|touchscreen|keyboard|keyboardHidden|navigation|orientation|screenLayout|uiMode|screenSize|smallestScreenSize|fontScale|layoutDirection|density"
30-->src\main\AndroidManifest.xml:5:188-369
31            android:hardwareAccelerated="false"
31-->src\main\AndroidManifest.xml:5:370-405
32            android:launchMode="singleTask"
32-->src\main\AndroidManifest.xml:5:156-187
33            android:screenOrientation="reverseLandscape"
33-->src\main\AndroidManifest.xml:5:111-155
34            android:theme="@style/UnityThemeSelector" >
34-->src\main\AndroidManifest.xml:5:69-110
35            <meta-data
35-->src\main\AndroidManifest.xml:6:7-82
36                android:name="unityplayer.UnityActivity"
36-->src\main\AndroidManifest.xml:6:18-58
37                android:value="true" />
37-->src\main\AndroidManifest.xml:6:59-79
38            <meta-data
38-->src\main\AndroidManifest.xml:7:7-78
39                android:name="android.notch_support"
39-->src\main\AndroidManifest.xml:7:18-54
40                android:value="true" />
40-->src\main\AndroidManifest.xml:7:55-75
41        </activity>
42
43        <meta-data
43-->src\main\AndroidManifest.xml:9:5-69
44            android:name="unity.splash-mode"
44-->src\main\AndroidManifest.xml:9:16-48
45            android:value="0" />
45-->src\main\AndroidManifest.xml:9:49-66
46        <meta-data
46-->src\main\AndroidManifest.xml:10:5-74
47            android:name="unity.splash-enable"
47-->src\main\AndroidManifest.xml:10:16-50
48            android:value="True" />
48-->src\main\AndroidManifest.xml:10:51-71
49        <meta-data
49-->src\main\AndroidManifest.xml:11:5-81
50            android:name="notch.config"
50-->src\main\AndroidManifest.xml:11:16-43
51            android:value="portrait|landscape" />
51-->src\main\AndroidManifest.xml:11:44-78
52        <meta-data
52-->src\main\AndroidManifest.xml:12:5-101
53            android:name="unity.build-id"
53-->src\main\AndroidManifest.xml:12:16-45
54            android:value="a3595bd7-342f-43d8-af1b-a15a6fea6f16" />
54-->src\main\AndroidManifest.xml:12:46-98
55    </application>
56
57</manifest>